<?xml version="1.0" encoding="UTF-8"?>
<!-- Generated by org.testng.reporters.JUnitReportReporter -->
<testsuite hostname="DESKTOP-LJMQIG8" failures="0" tests="1" name="contactTests.CreateContactWithOrgTest" time="21.782" errors="0" timestamp="2023-12-14T22:24:03 IST" skipped="0">
  <testcase classname="contactTests.CreateContactWithOrgTest" name="createNewContactWithOrgTest" time="21.782"/>
  <system-out/>
</testsuite> <!-- contactTests.CreateContactWithOrgTest -->
